<?xml version="1.0" encoding="UTF-8"?>
<!-- Generated by org.testng.reporters.JUnitReportReporter -->
<testsuite skipped="0" hostname="shrisai-PC" name="project.LoginTest" tests="1" failures="0" timestamp="20 Sep 2019 10:19:33 GMT" time="1033.034" errors="0">
  <testcase name="validate_login_test" time="1033.034" classname="project.LoginTest"/>
</testsuite> <!-- project.LoginTest -->
